2024-11-27 09:55:50 - INFO - [id:138a374b-4842-42f6-a6e0-3e5f1a0faa24] - Hola, ¿en qué puedo ayudarte hoy?
2024-11-27 09:56:07 - INFO - [id:138a374b-4842-42f6-a6e0-3e5f1a0faa24] - acné
2024-11-27 10:38:10 - INFO - [id:5be221f6-d749-4761-a7fc-779b54a670e6] - Hola, ¿en qué puedo ayudarte hoy?
2024-11-27 10:38:10 - INFO - [id:5be221f6-d749-4761-a7fc-779b54a670e6] - Hola, ¿en qué puedo ayudarte hoy?
2024-11-27 10:38:14 - INFO - [id:5be221f6-d749-4761-a7fc-779b54a670e6] - acné
2024-11-27 10:38:14 - INFO - [id:5be221f6-d749-4761-a7fc-779b54a670e6] - acné
2024-11-27 10:41:51 - INFO - [id:2ad606a2-c32f-41ed-97fa-7f332ff68221] - Hola, ¿en qué puedo ayudarte hoy?
2024-11-27 10:41:51 - INFO - [id:2ad606a2-c32f-41ed-97fa-7f332ff68221] - Hola, ¿en qué puedo ayudarte hoy?
2024-11-27 10:41:57 - INFO - [id:2ad606a2-c32f-41ed-97fa-7f332ff68221] - acné
2024-11-27 10:41:57 - INFO - [id:2ad606a2-c32f-41ed-97fa-7f332ff68221] - acné
2024-11-27 10:42:36 - INFO - [id:2ad606a2-c32f-41ed-97fa-7f332ff68221] - Para el tratamiento del acné, te puedo recomendar varios productos:
1. Tratamiento para el acné Effaclar gel pieles grasas 400ml de La Roche-Posay: Este gel de higiene es ideal para pieles mixtas a grasas. Regula la
producción de sebo, limpia y purifica la piel grasa. Es apto para las pieles más sensibles y pieles bajo tratamiento acneico. Se utiliza por la mañana
y noche. Lamentablemente, este producto está agotado y su precio es de $1735.0.
2. Gel de limpieza Microexfoliante concentrado Effaclar 200ml de La Roche-Posay: Este gel de limpieza corrige imperfecciones, remueve sebo y
desobstruye poros. Es ideal para pieles con acné moderado a severo persistente. Contiene LHA + 2% Ácido Salicílico que exfolia suavemente para
desobstruir poros y Zinc que reduce la secreción de sebo y purifica la piel. Este producto está disponible, su precio es de $48330.0.
3. Tratamiento para el acné Effaclar Serum Peeling diario de La Roche-Posay: Este tratamiento concentrado combina un complejo triácido exfoliante con
Niacinamida, para exfoliar suavemente la piel corrigiendo imperfecciones, marcas y líneas finas. Desobstruye los poros y corrige imperfecciones y
marcas persistentes día tras día. Este producto está agotado y su precio es de $77200.0.
4. PRO AC Control Espuma de limpieza x 236ml de Cetaphil: Esta espuma de limpieza facial es ideal para la limpieza diaria en rostro, cuello y espalda
de pieles grasas con tendencia acneicas. Formulado con gluconato de zinc que regula el sebo y Sulfato de Zinc, que genera un efecto calmante. Este
producto está disponible, su precio es de $37076.0.
5. Probiac comprimidos 30+30 de Cepage: Este suplemento dietario a base de Probióticos y Vitaminas es coadyuvante en el tratamiento del acné. Ayuda a
mejorar el acné en todas sus fases. Este producto está disponible, su precio es de $38200.0.
Todos estos productos no tienen promoción actualmente.
2024-11-27 10:42:36 - INFO - [id:2ad606a2-c32f-41ed-97fa-7f332ff68221] - Para el tratamiento del acné, te puedo recomendar varios productos:
1. Tratamiento para el acné Effaclar gel pieles grasas 400ml de La Roche-Posay: Este gel de higiene es ideal para pieles mixtas a grasas. Regula la
producción de sebo, limpia y purifica la piel grasa. Es apto para las pieles más sensibles y pieles bajo tratamiento acneico. Se utiliza por la mañana
y noche. Lamentablemente, este producto está agotado y su precio es de $1735.0.
2. Gel de limpieza Microexfoliante concentrado Effaclar 200ml de La Roche-Posay: Este gel de limpieza corrige imperfecciones, remueve sebo y
desobstruye poros. Es ideal para pieles con acné moderado a severo persistente. Contiene LHA + 2% Ácido Salicílico que exfolia suavemente para
desobstruir poros y Zinc que reduce la secreción de sebo y purifica la piel. Este producto está disponible, su precio es de $48330.0.
3. Tratamiento para el acné Effaclar Serum Peeling diario de La Roche-Posay: Este tratamiento concentrado combina un complejo triácido exfoliante con
Niacinamida, para exfoliar suavemente la piel corrigiendo imperfecciones, marcas y líneas finas. Desobstruye los poros y corrige imperfecciones y
marcas persistentes día tras día. Este producto está agotado y su precio es de $77200.0.
4. PRO AC Control Espuma de limpieza x 236ml de Cetaphil: Esta espuma de limpieza facial es ideal para la limpieza diaria en rostro, cuello y espalda
de pieles grasas con tendencia acneicas. Formulado con gluconato de zinc que regula el sebo y Sulfato de Zinc, que genera un efecto calmante. Este
producto está disponible, su precio es de $37076.0.
5. Probiac comprimidos 30+30 de Cepage: Este suplemento dietario a base de Probióticos y Vitaminas es coadyuvante en el tratamiento del acné. Ayuda a
mejorar el acné en todas sus fases. Este producto está disponible, su precio es de $38200.0.
Todos estos productos no tienen promoción actualmente.
2024-11-27 10:43:26 - INFO - [id:a8fe1cc4-f068-4832-aeae-c018af05f4bc] - Hola, ¿en qué puedo ayudarte hoy?
2024-11-27 10:43:26 - INFO - [id:a8fe1cc4-f068-4832-aeae-c018af05f4bc] - Hola, ¿en qué puedo ayudarte hoy?
2024-11-27 10:43:30 - INFO - [id:a8fe1cc4-f068-4832-aeae-c018af05f4bc] - acné
2024-11-27 10:43:30 - INFO - [id:a8fe1cc4-f068-4832-aeae-c018af05f4bc] - acné
2024-11-27 10:44:08 - INFO - [id:a8fe1cc4-f068-4832-aeae-c018af05f4bc] - Para el tratamiento del acné, te puedo recomendar varios productos:
1. Tratamiento para el acné Effaclar gel pieles grasas 400ml de La Roche-Posay: Este gel de higiene es ideal para pieles mixtas a grasas. Regula la
producción de sebo, limpia y purifica la piel grasa. Es apto para las pieles más sensibles y pieles bajo tratamiento acneico. Se utiliza por la mañana
y noche. Lamentablemente, este producto está agotado y su precio es de $1735.0.
2. Gel de limpieza Microexfoliante concentrado Effaclar 200ml de La Roche-Posay: Este gel de limpieza corrige imperfecciones, remueve sebo y
desobstruye poros. Es ideal para pieles con acné moderado a severo persistente. Contiene LHA + 2% Ácido Salicílico que exfolia suavemente para
desobstruir poros y Zinc que reduce la secreción de sebo y purifica la piel. Este producto está disponible y su precio es de $48330.0.
3. Tratamiento para el acné Effaclar Serum Peeling diario de La Roche-Posay: Este tratamiento concentrado combina un complejo triácido exfoliante con
Niacinamida, para exfoliar suavemente la piel corrigiendo imperfecciones, marcas y líneas finas. Este producto está agotado y su precio es de
$77200.0.
4. PRO AC Control Espuma de limpieza x 236ml de Cetaphil: Esta espuma de limpieza facial es ideal para la limpieza diaria en rostro, cuello y espalda
de pieles grasas con tendencia acneicas. Formulado con gluconato de zinc que regula el sebo y Sulfato de Zinc, que genera un efecto calmante. Este
producto está disponible y su precio es de $37076.0.
5. Probiac comprimidos 30+30 de Cepage: Este suplemento dietario a base de Probióticos y Vitaminas es coadyuvante en el tratamiento del acné. Ayuda a
mejorar el acné en todas sus fases. Este producto está disponible y su precio es de $38200.0.
Todos estos productos no tienen promoción actualmente.
2024-11-27 10:44:08 - INFO - [id:a8fe1cc4-f068-4832-aeae-c018af05f4bc] - Para el tratamiento del acné, te puedo recomendar varios productos:
1. Tratamiento para el acné Effaclar gel pieles grasas 400ml de La Roche-Posay: Este gel de higiene es ideal para pieles mixtas a grasas. Regula la
producción de sebo, limpia y purifica la piel grasa. Es apto para las pieles más sensibles y pieles bajo tratamiento acneico. Se utiliza por la mañana
y noche. Lamentablemente, este producto está agotado y su precio es de $1735.0.
2. Gel de limpieza Microexfoliante concentrado Effaclar 200ml de La Roche-Posay: Este gel de limpieza corrige imperfecciones, remueve sebo y
desobstruye poros. Es ideal para pieles con acné moderado a severo persistente. Contiene LHA + 2% Ácido Salicílico que exfolia suavemente para
desobstruir poros y Zinc que reduce la secreción de sebo y purifica la piel. Este producto está disponible y su precio es de $48330.0.
3. Tratamiento para el acné Effaclar Serum Peeling diario de La Roche-Posay: Este tratamiento concentrado combina un complejo triácido exfoliante con
Niacinamida, para exfoliar suavemente la piel corrigiendo imperfecciones, marcas y líneas finas. Este producto está agotado y su precio es de
$77200.0.
4. PRO AC Control Espuma de limpieza x 236ml de Cetaphil: Esta espuma de limpieza facial es ideal para la limpieza diaria en rostro, cuello y espalda
de pieles grasas con tendencia acneicas. Formulado con gluconato de zinc que regula el sebo y Sulfato de Zinc, que genera un efecto calmante. Este
producto está disponible y su precio es de $37076.0.
5. Probiac comprimidos 30+30 de Cepage: Este suplemento dietario a base de Probióticos y Vitaminas es coadyuvante en el tratamiento del acné. Ayuda a
mejorar el acné en todas sus fases. Este producto está disponible y su precio es de $38200.0.
Todos estos productos no tienen promoción actualmente.
2024-11-27 10:45:25 - INFO - [id:4151547b-8e77-40a1-a4ca-915229cdcb19] - Hola, ¿en qué puedo ayudarte hoy?
2024-11-27 10:45:25 - INFO - [id:4151547b-8e77-40a1-a4ca-915229cdcb19] - Hola, ¿en qué puedo ayudarte hoy?
2024-11-27 10:45:29 - INFO - [id:4151547b-8e77-40a1-a4ca-915229cdcb19] - acné
2024-11-27 10:45:29 - INFO - [id:4151547b-8e77-40a1-a4ca-915229cdcb19] - acné
2024-11-27 10:46:08 - INFO - [id:4151547b-8e77-40a1-a4ca-915229cdcb19] - Aquí te presento algunos productos que pueden ayudarte a tratar el acné:
1. Gel de limpieza Microexfoliante concentrado Effaclar 200ml de La Roche-Posay: Este gel de limpieza es ideal para pieles con acné moderado a severo
persistente. Contiene LHA y Ácido Salicílico que exfolian suavemente para desobstruir poros, y Zinc que reduce la secreción de sebo y purifica la
piel. Su precio es de $48330.0 y actualmente tenemos 2 en stock.
2. PRO AC Control Espuma de limpieza x 236ml de Cetaphil: Esta espuma de limpieza facial es ideal para pieles mixtas a grasas con tendencia acneica.
Está formulado con gluconato de zinc que regula el sebo y Sulfato de Zinc, que genera un efecto calmante. Su precio es de $37076.0 y actualmente
tenemos 1 en stock.
3. Probiac comprimidos 30+30 de Cepage: Este suplemento dietario a base de Probióticos y Vitaminas ayuda a mejorar el acné en todas sus fases. Su
precio es de $38200.0 y actualmente tenemos 1 en stock.
4. Acneiqué de Cepage: Esta crema-gel para pieles con tendencia al acné seborreguladora antioxidante regula el exceso de sebo. Su precio es de
$30700.0 y actualmente tenemos 3 en stock.
5. Acneiqué Mat de Cepage: Esta crema-gel matificante para pieles con tendencia al acné es seborreguladora e hidratante. Su precio es de $29500.0 y
actualmente tenemos 2 en stock.
Todos estos productos son efectivos para tratar el acné, pero cada uno tiene un enfoque diferente. El gel de limpieza de La Roche-Posay y la espuma de
limpieza de Cetaphil se enfocan en la limpieza de la piel y la regulación del sebo. Los comprimidos de Cepage son un suplemento dietario que ayuda a
mejorar el acné desde adentro. Las cremas de Cepage se enfocan en regular el sebo y proporcionar hidratación a la piel. Te recomendaría elegir el
producto que mejor se adapte a tus necesidades específicas.
2024-11-27 10:46:08 - INFO - [id:4151547b-8e77-40a1-a4ca-915229cdcb19] - Aquí te presento algunos productos que pueden ayudarte a tratar el acné:
1. Gel de limpieza Microexfoliante concentrado Effaclar 200ml de La Roche-Posay: Este gel de limpieza es ideal para pieles con acné moderado a severo
persistente. Contiene LHA y Ácido Salicílico que exfolian suavemente para desobstruir poros, y Zinc que reduce la secreción de sebo y purifica la
piel. Su precio es de $48330.0 y actualmente tenemos 2 en stock.
2. PRO AC Control Espuma de limpieza x 236ml de Cetaphil: Esta espuma de limpieza facial es ideal para pieles mixtas a grasas con tendencia acneica.
Está formulado con gluconato de zinc que regula el sebo y Sulfato de Zinc, que genera un efecto calmante. Su precio es de $37076.0 y actualmente
tenemos 1 en stock.
3. Probiac comprimidos 30+30 de Cepage: Este suplemento dietario a base de Probióticos y Vitaminas ayuda a mejorar el acné en todas sus fases. Su
precio es de $38200.0 y actualmente tenemos 1 en stock.
4. Acneiqué de Cepage: Esta crema-gel para pieles con tendencia al acné seborreguladora antioxidante regula el exceso de sebo. Su precio es de
$30700.0 y actualmente tenemos 3 en stock.
5. Acneiqué Mat de Cepage: Esta crema-gel matificante para pieles con tendencia al acné es seborreguladora e hidratante. Su precio es de $29500.0 y
actualmente tenemos 2 en stock.
Todos estos productos son efectivos para tratar el acné, pero cada uno tiene un enfoque diferente. El gel de limpieza de La Roche-Posay y la espuma de
limpieza de Cetaphil se enfocan en la limpieza de la piel y la regulación del sebo. Los comprimidos de Cepage son un suplemento dietario que ayuda a
mejorar el acné desde adentro. Las cremas de Cepage se enfocan en regular el sebo y proporcionar hidratación a la piel. Te recomendaría elegir el
producto que mejor se adapte a tus necesidades específicas.
2024-11-27 10:46:20 - INFO - [id:4151547b-8e77-40a1-a4ca-915229cdcb19] - tatuajes
2024-11-27 10:46:20 - INFO - [id:4151547b-8e77-40a1-a4ca-915229cdcb19] - tatuajes
2024-11-27 10:46:54 - INFO - [id:4151547b-8e77-40a1-a4ca-915229cdcb19] - Aquí te presento algunos productos que pueden ayudarte a lograr un efecto de tatuaje en tus cejas y
ojos:
1. Delineador de Cejas L'Oréal Paris Micro Tatouage Unbelieva Tono Dark Blond: Este lápiz de cejas rubio te permite conseguir un efecto Micro-Blading.
Resiste al agua y a los roces. Su precio es de $20686.0 y actualmente tenemos 1 en stock.
2. Gel de Cejas Maybelline Tatoo Brow 3D Gel Deep Brown: Este gel de cejas te permite rellenar y controlar tus cejas en un solo paso. Su fórmula
tattoo dura hasta 36h. Su precio es de $18237.0 y actualmente tenemos 1 en stock.
3. Gel de Cejas Maybelline Tatoo Brow 3D Gel Medium Brown: Similar al anterior, este gel de cejas te permite rellenar y controlar tus cejas en un solo
paso. Su fórmula tattoo dura hasta 36h. Su precio es de $18237.0 y actualmente tenemos 2 en stock.
4. Gel de Cejas Maybelline Tatoo Brow 3D Gel Warm Brown: Este gel de cejas te permite rellenar y controlar tus cejas en un solo paso. Su fórmula
tattoo dura hasta 36h. Su precio es de $18237.0 y actualmente tenemos 6 en stock.
5. Delineador de Ojos Liquido Maybelline Tattoo Liner 48hs Liquid Dip- In As: Este delineador líquido, a prueba de agua, ofrece una duración de hasta
48horas sin correrse ni transferirse. Su precio es de $18768.0 y actualmente tenemos 1 en stock. Además, este producto tiene una promoción del 35%.
Todos estos productos son efectivos para lograr un efecto de tatuaje en tus cejas y ojos. Te recomendaría elegir el producto que mejor se adapte a tus
necesidades específicas.
2024-11-27 10:46:54 - INFO - [id:4151547b-8e77-40a1-a4ca-915229cdcb19] - Aquí te presento algunos productos que pueden ayudarte a lograr un efecto de tatuaje en tus cejas y
ojos:
1. Delineador de Cejas L'Oréal Paris Micro Tatouage Unbelieva Tono Dark Blond: Este lápiz de cejas rubio te permite conseguir un efecto Micro-Blading.
Resiste al agua y a los roces. Su precio es de $20686.0 y actualmente tenemos 1 en stock.
2. Gel de Cejas Maybelline Tatoo Brow 3D Gel Deep Brown: Este gel de cejas te permite rellenar y controlar tus cejas en un solo paso. Su fórmula
tattoo dura hasta 36h. Su precio es de $18237.0 y actualmente tenemos 1 en stock.
3. Gel de Cejas Maybelline Tatoo Brow 3D Gel Medium Brown: Similar al anterior, este gel de cejas te permite rellenar y controlar tus cejas en un solo
paso. Su fórmula tattoo dura hasta 36h. Su precio es de $18237.0 y actualmente tenemos 2 en stock.
4. Gel de Cejas Maybelline Tatoo Brow 3D Gel Warm Brown: Este gel de cejas te permite rellenar y controlar tus cejas en un solo paso. Su fórmula
tattoo dura hasta 36h. Su precio es de $18237.0 y actualmente tenemos 6 en stock.
5. Delineador de Ojos Liquido Maybelline Tattoo Liner 48hs Liquid Dip- In As: Este delineador líquido, a prueba de agua, ofrece una duración de hasta
48horas sin correrse ni transferirse. Su precio es de $18768.0 y actualmente tenemos 1 en stock. Además, este producto tiene una promoción del 35%.
Todos estos productos son efectivos para lograr un efecto de tatuaje en tus cejas y ojos. Te recomendaría elegir el producto que mejor se adapte a tus
necesidades específicas.
2024-11-27 10:48:45 - INFO - [id:4151547b-8e77-40a1-a4ca-915229cdcb19] - en realidad estoy buscando productos para el cuidado de la piel luego de haberme hecho un tatuaje
2024-11-27 10:48:45 - INFO - [id:4151547b-8e77-40a1-a4ca-915229cdcb19] - en realidad estoy buscando productos para el cuidado de la piel luego de haberme hecho un tatuaje
2024-11-27 10:49:20 - INFO - [id:4151547b-8e77-40a1-a4ca-915229cdcb19] - Aquí te presento algunos productos que pueden ayudarte a cuidar tu piel después de haberte hecho un
tatuaje:
1. Eucerin Sensitive Protect Protector solar facial piel seca FPS 50+ 50ml: Este protector solar facial protege y calma la piel sensible. Contiene
Licochalcona A y Ácido Glicirretínico, ingredientes que ayudan a neutralizar los radicales libres y favorecen la reparación de la piel. Su precio es
de $53789.0 y actualmente tenemos 4 en stock.
2. Eucerin Protector Solar Photoaging Control Tinted Tono medio FPS 50+ 50ml: Este protector solar facial contiene Ácido Hialurónico que ayuda a
reducir los signos de envejecimiento como las líneas de expresión. Su precio es de $65392.0 y actualmente tenemos 3 en stock.
3. Eucerin Protector Solar Oil Control Toque Seco Tono claro FPS 50+ 50ml: Este protector solar está diseñado para las necesidades específicas de la
piel grasa y propensa al acné. Su precio es de $53789.0 y actualmente tenemos 9 en stock.
4. Eucerin Sun Pigment Control Tinted tono medio FPS 50+: Este protector solar facial contiene Licochalcona A y Thiamidol, ingredientes que protegen
la piel y actúan a raíz de la hiperpigmentación, disminuyendo las manchas oscuras de la piel y evitando su reaparición. Su precio es de $65392.0 y
actualmente tenemos 8 en stock.
5. Isdin Eryfotona Ak-Nmsc Fluid Para Daño Actinico 50ml: Este producto ayuda a prevenir y reparar el daño actínico. Su precio es de $80593.0 y
actualmente tenemos 3 en stock.
Todos estos productos son efectivos para cuidar tu piel después de haberte hecho un tatuaje. Te recomendaría elegir el producto que mejor se adapte a
tus necesidades específicas.
2024-11-27 10:49:20 - INFO - [id:4151547b-8e77-40a1-a4ca-915229cdcb19] - Aquí te presento algunos productos que pueden ayudarte a cuidar tu piel después de haberte hecho un
tatuaje:
1. Eucerin Sensitive Protect Protector solar facial piel seca FPS 50+ 50ml: Este protector solar facial protege y calma la piel sensible. Contiene
Licochalcona A y Ácido Glicirretínico, ingredientes que ayudan a neutralizar los radicales libres y favorecen la reparación de la piel. Su precio es
de $53789.0 y actualmente tenemos 4 en stock.
2. Eucerin Protector Solar Photoaging Control Tinted Tono medio FPS 50+ 50ml: Este protector solar facial contiene Ácido Hialurónico que ayuda a
reducir los signos de envejecimiento como las líneas de expresión. Su precio es de $65392.0 y actualmente tenemos 3 en stock.
3. Eucerin Protector Solar Oil Control Toque Seco Tono claro FPS 50+ 50ml: Este protector solar está diseñado para las necesidades específicas de la
piel grasa y propensa al acné. Su precio es de $53789.0 y actualmente tenemos 9 en stock.
4. Eucerin Sun Pigment Control Tinted tono medio FPS 50+: Este protector solar facial contiene Licochalcona A y Thiamidol, ingredientes que protegen
la piel y actúan a raíz de la hiperpigmentación, disminuyendo las manchas oscuras de la piel y evitando su reaparición. Su precio es de $65392.0 y
actualmente tenemos 8 en stock.
5. Isdin Eryfotona Ak-Nmsc Fluid Para Daño Actinico 50ml: Este producto ayuda a prevenir y reparar el daño actínico. Su precio es de $80593.0 y
actualmente tenemos 3 en stock.
Todos estos productos son efectivos para cuidar tu piel después de haberte hecho un tatuaje. Te recomendaría elegir el producto que mejor se adapte a
tus necesidades específicas.
